<?xml version="1.0" encoding="UTF-8"?>
<!-- Generated by org.testng.reporters.JUnitXMLReporter -->
<testsuite hostname="shapan-HP" ignored="0" name="Default test" tests="3" failures="0" timestamp="2020-06-29T22:58:05 EDT" time="0.09" errors="0">
  <testcase name="logintest" time="0.014" classname="pack1.DataDriven"/>
  <testcase name="logintest" time="0.002" classname="pack1.DataDriven"/>
  <testcase name="logintest" time="0.003" classname="pack1.DataDriven"/>
</testsuite> <!-- Default test -->
